<?xml version="1.0" encoding="UTF-8"?>
<!-- Generated by org.testng.reporters.JUnitXMLReporter -->
<testsuite hostname="asd1550po01976" name="Default test" tests="3" failures="0" timestamp="4 Jul 2016 06:59:02 GMT" time="101.001" errors="0">
  <testcase name="testOne" time="11.337" classname="automateGithubUploading.AutomateGithub"/>
  <testcase name="testThree" time="11.035" classname="automateGithubUploading.AutomateGithub"/>
  <testcase name="testTwo" time="18.921" classname="automateGithubUploading.AutomateGithub"/>
</testsuite> <!-- Default test -->
