<?xml version="1.0" encoding="UTF-8"?>
<testng-results skipped="0" failed="0" total="3" passed="3">
  <reporter-output>
  </reporter-output>
  <suite name="Default suite" duration-ms="101001" started-at="2016-07-04T06:57:21Z" finished-at="2016-07-04T06:59:02Z">
    <groups>
    </groups>
    <test name="Default test" duration-ms="101001" started-at="2016-07-04T06:57:21Z" finished-at="2016-07-04T06:59:02Z">
      <class name="automateGithubUploading.AutomateGithub">
        <test-method status="PASS" signature="beforetest()[pri:0, instance:automateGithubUploading.AutomateGithub@48eff760]" name="beforetest" is-config="true" duration-ms="59694" started-at="2016-07-04T12:27:21Z" finished-at="2016-07-04T12:28:21Z">
          <reporter-output>
          </reporter-output>
        </test-method> <!-- beforetest -->
        <test-method status="PASS" signature="testOne()[pri:0, instance:automateGithubUploading.AutomateGithub@48eff760]" name="testOne" duration-ms="11337" started-at="2016-07-04T12:28:21Z" finished-at="2016-07-04T12:28:32Z">
          <reporter-output>
          </reporter-output>
        </test-method> <!-- testOne -->
        <test-method status="PASS" signature="testThree()[pri:0, instance:automateGithubUploading.AutomateGithub@48eff760]" name="testThree" duration-ms="11035" started-at="2016-07-04T12:28:32Z" finished-at="2016-07-04T12:28:43Z">
          <reporter-output>
          </reporter-output>
        </test-method> <!-- testThree -->
        <test-method status="PASS" signature="testTwo()[pri:0, instance:automateGithubUploading.AutomateGithub@48eff760]" name="testTwo" duration-ms="18921" started-at="2016-07-04T12:28:43Z" finished-at="2016-07-04T12:29:02Z">
          <reporter-output>
          </reporter-output>
        </test-method> <!-- testTwo -->
      </class> <!-- automateGithubUploading.AutomateGithub -->
    </test> <!-- Default test -->
  </suite> <!-- Default suite -->
</testng-results>
